<?xml version="1.0" encoding="UTF-8" ?>
<!DOCTYPE mapper
  PUBLIC "-//mybatis.org//DTD Mapper 3.0//EN"
  "http://mybatis.org/dtd/mybatis-3-mapper.dtd">
<mapper namespace="test"> <!-- 외부에서 접근할 때 접근할 이름 test.selectTest-->
  <select id="selectTest" resultType="Integer">
    select 10 as num1 from dual
  </select>
</mapper>